<> Reconf callback
1610061302.508795021: Stopping camera
1610061302.509645643: [2]Enter frameDone, elapsed: 0.000, status: 16
1610061302.509667913: user callback thingy 0x7f456823f4d8 #0
1610061302.510065225: FrameDone 0x7f456823f4d8 #0
1610061302.510218939: publishImage1 in 0.0005 seconds
1610061302.510248543: [2]Enter frameDone, elapsed: 0.000, status: 14
1610061302.510262458: user callback thingy 0x7f456823f618 #1
1610061302.510560521: FrameDone 0x7f456823f618 #1
1610061302.510590345: publishImage1 in 0.0003 seconds
1610061302.510607893: [2]Enter frameDone, elapsed: 0.000, status: 14
1610061302.510622972: user callback thingy 0x7f456823f758 #2
1610061302.510957478: FrameDone 0x7f456823f758 #2
1610061302.510981507: publishImage1 in 0.0003 seconds
1610061302.511002855: [2]Enter frameDone, elapsed: 0.000, status: 14
1610061302.511017271: user callback thingy 0x7f456823f898 #3
1610061302.511330463: FrameDone 0x7f456823f898 #3
1610061302.511351359: publishImage1 in 0.0003 seconds
1610061302.618518978: End of Camera::stop()

<> SET EXPOSURE = 0
1610061302.647939146: starting camera 222298 in sync2 trigger mode
1610061302.665559704: End of Camera::start()
1610061302.666346570: exposure = 100000
END Setup dynamic reconfigure server <1>
1610061302.676530088: Cam init complete
1610061304.296329498: [2]Enter frameDone, elapsed: 0.000, status: 0
1610061304.296361753: user callback thingy 0x7f456823f4d8 #0
1610061304.296760414: FrameDone 0x7f456823f4d8 #0
img: 1610061304.296372879 sys: 1610061304.001754999 cdt: 0.005617880 ad: 0.294617880 *
1610061304.296830966: [629] Missed 628 frames, based on event seq
1610061304.303174978: frameToImage in 0.0062 seconds
1610061304.306930655: processFrame in 0.0100 seconds
1610061304.313541211: thunk started  on 0x7f456823f4d8 0
1610061304.313565752: postProcImage #? entry
1610061304.313586481: postProcImage 0x7f456823f4d8 #0 entry
1610061304.313606860: postProcImage #0 in 0.0000 seconds
1610061304.313658397: publishImage1 in 0.0172 seconds
1610061306.296413022: [2]Enter frameDone, elapsed: 0.000, status: 0
1610061306.296447700: user callback thingy 0x7f456823f618 #1
1610061306.296902624: FrameDone 0x7f456823f618 #1
img: 1610061306.296457452 sys: 1610061306.002162933 cdt: 0.005294519 ad: 0.294294519 *
1610061306.303212856: frameToImage in 0.0062 seconds
1610061306.306956867: processFrame in 0.0100 seconds
1610061306.313549913: thunk started  on 0x7f456823f618 1
1610061306.313581689: postProcImage #? entry
1610061306.313606731: postProcImage 0x7f456823f618 #1 entry
1610061306.313628519: postProcImage #1 in 0.0000 seconds
1610061306.313667022: publishImage1 in 0.0171 seconds
1610061308.296203507: [2]Enter frameDone, elapsed: 0.000, status: 0
1610061308.296233992: user callback thingy 0x7f456823f758 #2
1610061308.296693978: FrameDone 0x7f456823f758 #2
img: 1610061308.296243862 sys: 1610061308.002162933 cdt: 0.005080929 ad: 0.294080929 *
1610061308.298656271: frameToImage in 0.0019 seconds
1610061308.302368940: processFrame in 0.0056 seconds
1610061308.309206149: publishImage1 in 0.0130 seconds
1610061308.309256753: thunk started  on 0x7f456823f758 2
1610061308.309280909: postProcImage #? entry
1610061308.309297725: postProcImage 0x7f458f914faf #-1936 entry